<?xml version="1.0" encoding="UTF-8"?>
<testng-results ignored="0" total="1" passed="1" failed="0" skipped="0">
  <reporter-output>
  </reporter-output>
  <suite started-at="2023-01-10T21:20:26 IST" name="Default suite" finished-at="2023-01-10T21:20:48 IST" duration-ms="21455">
    <groups>
    </groups>
    <test started-at="2023-01-10T21:20:26 IST" name="Default test" finished-at="2023-01-10T21:20:48 IST" duration-ms="21455">
      <class name="BasicTextScript.ToVerifyHomePageTest3">
        <test-method is-config="true" signature="bsConfig()[pri:0, instance:BasicTextScript.ToVerifyHomePageTest3@4d0f2471]" started-at="2023-01-10T21:20:26 IST" name="bsConfig" finished-at="2023-01-10T21:20:26 IST" duration-ms="6" status="PASS">
          <reporter-output>
          </reporter-output>
        </test-method> <!-- bsConfig -->
        <test-method is-config="true" signature="bcConfig()[pri:0, instance:BasicTextScript.ToVerifyHomePageTest3@4d0f2471]" started-at="2023-01-10T21:20:26 IST" name="bcConfig" finished-at="2023-01-10T21:20:41 IST" duration-ms="15033" status="PASS">
          <reporter-output>
          </reporter-output>
        </test-method> <!-- bcConfig -->
        <test-method is-config="true" signature="bmConfig()[pri:0, instance:BasicTextScript.ToVerifyHomePageTest3@4d0f2471]" started-at="2023-01-10T21:20:41 IST" name="bmConfig" finished-at="2023-01-10T21:20:41 IST" duration-ms="169" status="PASS">
          <reporter-output>
          </reporter-output>
        </test-method> <!-- bmConfig -->
        <test-method signature="toVerifyHomePageTest()[pri:0, instance:BasicTextScript.ToVerifyHomePageTest3@4d0f2471]" started-at="2023-01-10T21:20:41 IST" name="toVerifyHomePageTest" finished-at="2023-01-10T21:20:46 IST" duration-ms="4731" status="PASS">
          <reporter-output>
          </reporter-output>
        </test-method> <!-- toVerifyHomePageTest -->
        <test-method is-config="true" signature="amConfig()[pri:0, instance:BasicTextScript.ToVerifyHomePageTest3@4d0f2471]" started-at="2023-01-10T21:20:46 IST" name="amConfig" finished-at="2023-01-10T21:20:47 IST" duration-ms="1346" status="PASS">
          <reporter-output>
          </reporter-output>
        </test-method> <!-- amConfig -->
        <test-method is-config="true" signature="acConfig()[pri:0, instance:BasicTextScript.ToVerifyHomePageTest3@4d0f2471]" started-at="2023-01-10T21:20:47 IST" name="acConfig" finished-at="2023-01-10T21:20:48 IST" duration-ms="153" status="PASS">
          <reporter-output>
          </reporter-output>
        </test-method> <!-- acConfig -->
        <test-method is-config="true" signature="asConfig()[pri:0, instance:BasicTextScript.ToVerifyHomePageTest3@4d0f2471]" started-at="2023-01-10T21:20:48 IST" name="asConfig" finished-at="2023-01-10T21:20:48 IST" duration-ms="0" status="PASS">
          <reporter-output>
          </reporter-output>
        </test-method> <!-- asConfig -->
      </class> <!-- BasicTextScript.ToVerifyHomePageTest3 -->
    </test> <!-- Default test -->
  </suite> <!-- Default suite -->
</testng-results>
